2014/11/21 16:02:19 - Watchdog - Loading transformation from XML file [file:///home/cunhal/ubiquis/GEM/kettle/_watchdog.ktr]
2014/11/21 16:02:19 - _watchdog_MySQL - Dispatching started for transformation [_watchdog_MySQL]
2014/11/21 16:02:19 - Table input.0 - Finished reading query, closing connection.
2014/11/21 16:02:19 - Table input.0 - Finished processing (I=1, O=0, R=0, W=1, U=0, E=0)
2014/11/21 16:02:19 - count=0 ? .0 - Finished processing (I=0, O=0, R=1, W=1, U=0, E=0)
2014/11/21 16:02:19 - Carry on.0 - Finished processing (I=0, O=0, R=1, W=1, U=0, E=0)
2014/11/21 16:02:19 - _run_tasks - Starting entry [List processes]
2014/11/21 16:02:19 - List processes - Loading transformation from XML file [file:///home/cunhal/ubiquis/GEM/kettle/_get_file_names.ktr]
2014/11/21 16:02:19 - _get_file_names - Dispatching started for transformation [_get_file_names]
2014/11/21 16:02:19 - Get File Names.0 - Finished processing (I=0, O=0, R=0, W=2, U=0, E=0)
2014/11/21 16:02:19 - Get Variables.0 - Finished processing (I=0, O=0, R=1, W=1, U=0, E=0)
2014/11/21 16:02:20 - Join Rows (cartesian product).0 - Finished processing (I=0, O=0, R=3, W=2, U=0, E=0)
2014/11/21 16:02:20 - Filter rows.0 - Finished processing (I=0, O=0, R=2, W=1, U=0, E=0)
2014/11/21 16:02:20 - Select values.0 - Finished processing (I=0, O=0, R=1, W=1, U=0, E=0)
2014/11/21 16:02:20 - Copy rows to result.0 - Finished processing (I=0, O=0, R=1, W=1, U=0, E=0)
2014/11/21 16:02:20 - _run_tasks - Starting entry [Run single process]
2014/11/21 16:02:20 - _run_single_process - Starting entry [Set connection variables]
2014/11/21 16:02:20 - Set connection variables - Loading transformation from XML file [file:///home/cunhal/ubiquis/GEM/kettle/_set_connection_variables.ktr]
2014/11/21 16:02:20 - _set_connection_variables - Dispatching started for transformation [_set_connection_variables]
2014/11/21 16:02:20 - Property Input.0 - Finished processing (I=8, O=0, R=0, W=8, U=0, E=0)
2014/11/21 16:02:20 - Row denormaliser.0 - Finished processing (I=0, O=0, R=8, W=1, U=0, E=0)
2014/11/21 16:02:20 - Set Variables.0 - Setting environment variables...
2014/11/21 16:02:20 - Set Variables.0 - Set variable SOURCE_DATABASE_DRIVER to value [com.mysql.jdbc.Driver]
2014/11/21 16:02:20 - Set Variables.0 - Set variable SOURCE_DATABASE_URL to value [jdbc:mysql://localhost:3306/stage_adventureworks?useOldAliasMetadataBehavior=true&useCursorFetch=true&defaultFetchSize=1000]
2014/11/21 16:02:20 - Set Variables.0 - Set variable SOURCE_DATABASE_USERNAME to value [ubiquis]
2014/11/21 16:02:20 - Set Variables.0 - Set variable SOURCE_DATABASE_PASSWORD to value [password]
2014/11/21 16:02:20 - Set Variables.0 - Set variable TARGET_DATABASE_DRIVER to value [com.mysql.jdbc.Driver]
2014/11/21 16:02:20 - Set Variables.0 - Set variable TARGET_DATABASE_URL to value [jdbc:mysql://localhost:3306/dwh_adventureworks?useOldAliasMetadataBehavior=true&useCursorFetch=true&defaultFetchSize=1000]
2014/11/21 16:02:20 - Set Variables.0 - Set variable TARGET_DATABASE_USERNAME to value [ubiquis]
2014/11/21 16:02:20 - Set Variables.0 - Set variable TARGET_DATABASE_PASSWORD to value [password]
2014/11/21 16:02:20 - Set Variables.0 - Finished after 1 rows.
2014/11/21 16:02:20 - Set Variables.0 - Finished processing (I=0, O=0, R=1, W=1, U=0, E=0)
2014/11/21 16:02:20 - _run_single_process - Starting entry [List tasks]
2014/11/21 16:02:20 - List tasks - Loading transformation from XML file [file:///home/cunhal/ubiquis/GEM/kettle/_get_file_names.ktr]
2014/11/21 16:02:20 - _get_file_names - Dispatching started for transformation [_get_file_names]
2014/11/21 16:02:20 - Get Variables.0 - Finished processing (I=0, O=0, R=1, W=1, U=0, E=0)
2014/11/21 16:02:20 - Get File Names.0 - Finished processing (I=0, O=0, R=0, W=9, U=0, E=0)
2014/11/21 16:02:20 - Join Rows (cartesian product).0 - Finished processing (I=0, O=0, R=10, W=9, U=0, E=0)
2014/11/21 16:02:20 - Filter rows.0 - Finished processing (I=0, O=0, R=9, W=2, U=0, E=0)
2014/11/21 16:02:20 - Select values.0 - Finished processing (I=0, O=0, R=2, W=2, U=0, E=0)
2014/11/21 16:02:20 - Copy rows to result.0 - Finished processing (I=0, O=0, R=2, W=2, U=0, E=0)
2014/11/21 16:02:20 - _run_single_process - Starting entry [Run single task]
2014/11/21 16:02:20 - _run_single_task - Starting entry [Set CONFIG_FILE]
2014/11/21 16:02:20 - _run_single_task - Starting entry [Read config file]
2014/11/21 16:02:20 - Read config file - Loading transformation from XML file [file:///home/cunhal/ubiquis/GEM/kettle/_task_config.ktr]
2014/11/21 16:02:20 - read_config_file - Dispatching started for transformation [read_config_file]
2014/11/21 16:02:20 - Get data from XML.0 - Finished processing (I=1, O=0, R=0, W=1, U=0, E=0)
2014/11/21 16:02:20 - Set Variables.0 - Setting environment variables...
2014/11/21 16:02:20 - Set Variables.0 - Set variable TASK_NAME to value [dim_customers]
2014/11/21 16:02:20 - Set Variables.0 - Set variable TASK_BLOCKER to value [true]
2014/11/21 16:02:20 - Set Variables.0 - Set variable PARAMETER_NAME to value [batch_id]
2014/11/21 16:02:20 - Set Variables.0 - Set variable PARAMETER_DEFAULT to value [0]
2014/11/21 16:02:20 - Set Variables.0 - Set variable PARAMETER_QUERY to value [select max(batch_id) as batch_id 
2014/11/21 16:02:20 - Set Variables.0 - 				from ${TARGET_TABLE_NAME}]
2014/11/21 16:02:20 - Set Variables.0 - Set variable SOURCE_TYPE to value [DB]
2014/11/21 16:02:20 - Set Variables.0 - Set variable SOURCE_QUERY to value [select
2014/11/21 16:02:20 - Set Variables.0 - 				  c.customer_id
2014/11/21 16:02:20 - Set Variables.0 - 				, c.account_number  
2014/11/21 16:02:20 - Set Variables.0 - 				, c.customer_type
2014/11/21 16:02:20 - Set Variables.0 - 				, t.name as territory
2014/11/21 16:02:20 - Set Variables.0 - 				, t.country_region_code
2014/11/21 16:02:20 - Set Variables.0 - 				, cr.name as country_name
2014/11/21 16:02:20 - Set Variables.0 - 				, c.modified_date
2014/11/21 16:02:20 - Set Variables.0 - 				, c.row_number as customer_row_number
2014/11/21 16:02:20 - Set Variables.0 - 				, c.batch_id as customer_batch_id
2014/11/21 16:02:20 - Set Variables.0 - 				from 
2014/11/21 16:02:20 - Set Variables.0 - 				  stage_customer c 
2014/11/21 16:02:20 - Set Variables.0 - 				, stage_salesterritory t
2014/11/21 16:02:20 - Set Variables.0 - 				,stage_countryregion cr
2014/11/21 16:02:20 - Set Variables.0 -   				where 
2014/11/21 16:02:20 - Set Variables.0 -   				  c.territory_id = t.territory_id 
2014/11/21 16:02:20 - Set Variables.0 -   				AND cr.country_region_code = t.country_region_code
2014/11/21 16:02:20 - Set Variables.0 - 				WHERE batch_id > ${batch_id}]
2014/11/21 16:02:20 - Set Variables.0 - Set variable SOURCE_FILE_LOCATION to value []
2014/11/21 16:02:20 - Set Variables.0 - Set variable SOURCE_FILE_PATTERN to value []
2014/11/21 16:02:20 - Set Variables.0 - Set variable TARGET_LOADER to value [MySQL]
2014/11/21 16:02:20 - Set Variables.0 - Set variable TARGET_TABLE_NAME to value [dim_customers]
2014/11/21 16:02:20 - Set Variables.0 - Set variable TARGET_TABLE_CREATE to value []
2014/11/21 16:02:20 - Set Variables.0 - Set variable TARGET_TABLE_DROP to value []
2014/11/21 16:02:20 - Set Variables.0 - Set variable EXTRACT_SPECIFIC_KTR to value []
2014/11/21 16:02:20 - Set Variables.0 - Set variable TRANSFORM_SPECIFIC_KTR to value [dim_customers.ktr]
2014/11/21 16:02:20 - Set Variables.0 - Set variable LOAD_SPECIFIC_KTR to value []
2014/11/21 16:02:20 - Set Variables.0 - Set variable TRANSFORM_OUTPUT_MODE to value [CSV]
2014/11/21 16:02:20 - Set Variables.0 - Set variable PRE_PROCESSING_SOURCE_QUERY to value []
2014/11/21 16:02:20 - Set Variables.0 - Set variable PRE_PROCESSING_TARGET_QUERY to value []
2014/11/21 16:02:20 - Set Variables.0 - Set variable PRE_PROCESSING_TRANSFORMATION to value []
2014/11/21 16:02:20 - Set Variables.0 - Set variable POST_PROCESSING_SOURCE_QUERY to value []
2014/11/21 16:02:20 - Set Variables.0 - Set variable POST_PROCESSING_TARGET_QUERY to value []
2014/11/21 16:02:20 - Set Variables.0 - Set variable POST_PROCESSING_TRANSFORMATION to value []
2014/11/21 16:02:20 - MySQL/InfiniDB: load from CSV.0 - Finished processing (I=0, O=0, R=1, W=1, U=0, E=0)
2014/11/21 16:02:20 - Set Variables.0 - Finished after 1 rows.
2014/11/21 16:02:20 - Set Variables.0 - Finished processing (I=0, O=0, R=1, W=1, U=0, E=0)
2014/11/21 16:02:20 - _run_single_task - Starting entry [Set status='running']
2014/11/21 16:02:20 - Set status='running' - Loading transformation from XML file [file:///home/cunhal/ubiquis/GEM/kettle/_update_task.ktr]
2014/11/21 16:02:20 - _update_task - Dispatching started for transformation [_update_task]
2014/11/21 16:02:20 - Insert new task.0 - Connected to database [etl] (commit=1)
2014/11/21 16:02:20 - Get Variables.0 - Finished processing (I=0, O=0, R=1, W=1, U=0, E=0)
2014/11/21 16:02:20 - Get current timestamp.0 - Finished processing (I=0, O=0, R=1, W=1, U=0, E=0)
2014/11/21 16:02:20 - Is new task?.0 - Finished processing (I=0, O=0, R=1, W=1, U=0, E=0)
2014/11/21 16:02:20 - Set BATCH_ID.0 - Setting environment variables...
2014/11/21 16:02:20 - Set BATCH_ID.0 - Set variable BATCH_ID to value [274]
2014/11/21 16:02:20 - Insert new task.0 - Finished processing (I=0, O=1, R=1, W=1, U=0, E=0)
2014/11/21 16:02:20 - Set BATCH_ID.0 - Finished after 1 rows.
2014/11/21 16:02:20 - Set BATCH_ID.0 - Finished processing (I=0, O=0, R=1, W=1, U=0, E=0)
2014/11/21 16:02:20 - _run_single_task - Starting entry [Set stage='pre-processing']
2014/11/21 16:02:20 - Set status='running' - Loading transformation from XML file [file:///home/cunhal/ubiquis/GEM/kettle/_update_task.ktr]
2014/11/21 16:02:20 - _update_task - Dispatching started for transformation [_update_task]
2014/11/21 16:02:20 - Insert new task.0 - Connected to database [etl] (commit=1)
2014/11/21 16:02:20 - Get Variables.0 - Finished processing (I=0, O=0, R=1, W=1, U=0, E=0)
2014/11/21 16:02:20 - Get current timestamp.0 - Finished processing (I=0, O=0, R=1, W=1, U=0, E=0)
2014/11/21 16:02:20 - Is new task?.0 - Finished processing (I=0, O=0, R=1, W=1, U=0, E=0)
2014/11/21 16:02:20 - Get BATCH_ID.0 - Finished processing (I=0, O=0, R=1, W=1, U=0, E=0)
2014/11/21 16:02:20 - Set BATCH_ID.0 - We didn't receive a row while setting the default values.
2014/11/21 16:02:20 - Set BATCH_ID.0 - Finished after 0 rows.
2014/11/21 16:02:20 - Update task.0 - Finished processing (I=1, O=0, R=1, W=1, U=1, E=0)
2014/11/21 16:02:20 - _run_single_task - Starting entry [Pre-processing]
2014/11/21 16:02:20 - _task_pre_process - Starting entry [Has query on source?]
2014/11/21 16:02:20 - _task_pre_process - Starting entry [Has query on target?]
2014/11/21 16:02:20 - _task_pre_process - Starting entry [Has transformation?]
2014/11/21 16:02:20 - _task_pre_process - Starting entry [Success]
2014/11/21 16:02:20 - _task_pre_process - Finished job entry [Success] (result=[true])
2014/11/21 16:02:20 - _task_pre_process - Finished job entry [Has transformation?] (result=[true])
2014/11/21 16:02:20 - _task_pre_process - Finished job entry [Has query on target?] (result=[true])
2014/11/21 16:02:20 - _task_pre_process - Finished job entry [Has query on source?] (result=[true])
2014/11/21 16:02:20 - _run_single_task - Starting entry [Set stage='extract']
2014/11/21 16:02:20 - Set status='running' - Loading transformation from XML file [file:///home/cunhal/ubiquis/GEM/kettle/_update_task.ktr]
2014/11/21 16:02:20 - _update_task - Dispatching started for transformation [_update_task]
2014/11/21 16:02:20 - Insert new task.0 - Connected to database [etl] (commit=1)
2014/11/21 16:02:20 - Get Variables.0 - Finished processing (I=0, O=0, R=1, W=1, U=0, E=0)
2014/11/21 16:02:20 - Get current timestamp.0 - Finished processing (I=0, O=0, R=1, W=1, U=0, E=0)
2014/11/21 16:02:20 - Is new task?.0 - Finished processing (I=0, O=0, R=1, W=1, U=0, E=0)
2014/11/21 16:02:20 - Get BATCH_ID.0 - Finished processing (I=0, O=0, R=1, W=1, U=0, E=0)
2014/11/21 16:02:20 - Set BATCH_ID.0 - We didn't receive a row while setting the default values.
2014/11/21 16:02:20 - Set BATCH_ID.0 - Finished after 0 rows.
2014/11/21 16:02:20 - Set parameter value - Loading transformation from XML file [file:///home/cunhal/ubiquis/GEM/kettle/_set_parameter_value.ktr]
2014/11/21 16:02:21 - set_parameter_value - Dispatching started for transformation [set_parameter_value]
2014/11/21 16:02:21 - Read param value.0 - Finished reading query, closing connection.
2014/11/21 16:02:21 - Read param value.0 - Finished processing (I=1, O=0, R=0, W=1, U=0, E=0)
2014/11/21 16:02:21 - Set parameter.0 - Optimization level set to 9.
2014/11/21 16:02:21 - Get defaults.0 - Finished processing (I=0, O=0, R=1, W=1, U=0, E=0)
2014/11/21 16:02:21 - Write to log.0 - 
2014/11/21 16:02:21 - Write to log.0 - ------------> Linenr 1------------------------------
2014/11/21 16:02:21 - Write to log.0 - SET PARAMETER VALUE:
2014/11/21 16:02:21 - Write to log.0 - 
2014/11/21 16:02:21 - Write to log.0 - PARAMETER_NAME = batch_id
2014/11/21 16:02:21 - Write to log.0 - PARAMETER_VALUE = 0
2014/11/21 16:02:21 - Write to log.0 - 
2014/11/21 16:02:21 - Write to log.0 - ====================
2014/11/21 16:02:21 - Set parameter.0 - Finished processing (I=0, O=0, R=1, W=1, U=0, E=0)
2014/11/21 16:02:21 - Write to log.0 - Finished processing (I=0, O=0, R=1, W=1, U=0, E=0)
2014/11/21 16:02:21 - Read from source - Loading transformation from XML file [file:///home/cunhal/ubiquis/GEM/kettle/_read_from_source_DB.ktr]
2014/11/21 16:02:21 - read_from_source_DB - Dispatching started for transformation [read_from_source_DB]
2014/11/21 16:02:21 - Table input.0 - ERROR (version 5.2.0.0, build 1 from 2014-09-30_19-48-28 by buildguy) : Unexpected error
2014/11/21 16:02:21 - Table input.0 - ERROR (version 5.2.0.0, build 1 from 2014-09-30_19-48-28 by buildguy) : org.pentaho.di.core.exception.KettleDatabaseException: 
2014/11/21 16:02:21 - Table input.0 - An error occurred executing SQL: 
2014/11/21 16:02:21 - Table input.0 - select
2014/11/21 16:02:21 - Table input.0 - 				  c.customer_id
2014/11/21 16:02:21 - Table input.0 - 				, c.account_number  
2014/11/21 16:02:21 - Table input.0 - 				, c.customer_type
2014/11/21 16:02:21 - Table input.0 - 				, t.name as territory
2014/11/21 16:02:21 - Table input.0 - 				, t.country_region_code
2014/11/21 16:02:21 - Table input.0 - 				, cr.name as country_name
2014/11/21 16:02:21 - Table input.0 - 				, c.modified_date
2014/11/21 16:02:21 - Table input.0 - 				, c.row_number as customer_row_number
2014/11/21 16:02:21 - Table input.0 - 				, c.batch_id as customer_batch_id
2014/11/21 16:02:21 - Table input.0 - 				from 
2014/11/21 16:02:21 - Table input.0 - 				  stage_customer c 
2014/11/21 16:02:21 - Table input.0 - 				, stage_salesterritory t
2014/11/21 16:02:21 - Table input.0 - 				,stage_countryregion cr
2014/11/21 16:02:21 - Table input.0 -   				where 
2014/11/21 16:02:21 - Table input.0 -   				  c.territory_id = t.territory_id 
2014/11/21 16:02:21 - Table input.0 -   				AND cr.country_region_code = t.country_region_code
2014/11/21 16:02:21 - Table input.0 - 				WHERE batch_id > 0
2014/11/21 16:02:21 - Table input.0 - You have an error in your SQL syntax; check the manual that corresponds to your MySQL server version for the right syntax to use near 'WHERE batch_id > 0' at line 18
2014/11/21 16:02:21 - Table input.0 - 
2014/11/21 16:02:21 - Table input.0 - 	at org.pentaho.di.core.database.Database.openQuery(Database.java:1729)
2014/11/21 16:02:21 - Table input.0 - 	at org.pentaho.di.trans.steps.tableinput.TableInput.doQuery(TableInput.java:224)
2014/11/21 16:02:21 - Table input.0 - 	at org.pentaho.di.trans.steps.tableinput.TableInput.processRow(TableInput.java:138)
2014/11/21 16:02:21 - Table input.0 - 	at org.pentaho.di.trans.step.RunThread.run(RunThread.java:62)
2014/11/21 16:02:21 - Table input.0 - 	at java.lang.Thread.run(Thread.java:745)
2014/11/21 16:02:21 - Table input.0 - Caused by: com.mysql.jdbc.exceptions.MySQLSyntaxErrorException: You have an error in your SQL syntax; check the manual that corresponds to your MySQL server version for the right syntax to use near 'WHERE batch_id > 0' at line 18
2014/11/21 16:02:21 - Table input.0 - 	at com.mysql.jdbc.SQLError.createSQLException(SQLError.java:936)
2014/11/21 16:02:21 - Table input.0 - 	at com.mysql.jdbc.MysqlIO.checkErrorPacket(MysqlIO.java:2985)
2014/11/21 16:02:21 - Table input.0 - 	at com.mysql.jdbc.MysqlIO.sendCommand(MysqlIO.java:1631)
2014/11/21 16:02:21 - Table input.0 - 	at com.mysql.jdbc.MysqlIO.sqlQueryDirect(MysqlIO.java:1723)
2014/11/21 16:02:21 - Table input.0 - 	at com.mysql.jdbc.Connection.execSQL(Connection.java:3283)
2014/11/21 16:02:21 - Table input.0 - 	at com.mysql.jdbc.PreparedStatement.executeInternal(PreparedStatement.java:1332)
2014/11/21 16:02:21 - Table input.0 - 	at com.mysql.jdbc.PreparedStatement.execute(PreparedStatement.java:882)
2014/11/21 16:02:21 - Table input.0 - 	at com.mysql.jdbc.Statement.createResultSetUsingServerFetch(Statement.java:525)
2014/11/21 16:02:21 - Table input.0 - 	at com.mysql.jdbc.Statement.executeQuery(Statement.java:1158)
2014/11/21 16:02:21 - Table input.0 - 	at org.pentaho.di.core.database.Database.openQuery(Database.java:1718)
2014/11/21 16:02:21 - Table input.0 - 	... 4 more
2014/11/21 16:02:21 - read_from_source_DB - ERROR (version 5.2.0.0, build 1 from 2014-09-30_19-48-28 by buildguy) : Errors detected!
2014/11/21 16:02:21 - Table input.0 - Finished reading query, closing connection.
2014/11/21 16:02:21 - Table input.0 - Finished processing (I=0, O=0, R=0, W=0, U=0, E=1)
2014/11/21 16:02:21 - read_from_source_DB - Transformation detected one or more steps with errors.
2014/11/21 16:02:21 - read_from_source_DB - Transformation is killing the other steps!
2014/11/21 16:02:21 - Set RECORDS_READ.0 - We didn't receive a row while setting the default values.
2014/11/21 16:02:21 - Set RECORDS_READ.0 - Set variable RECORDS_READ to value [0]
2014/11/21 16:02:21 - Set RECORDS_READ.0 - Finished after 0 rows.
2014/11/21 16:02:21 - Count records.0 - ERROR (version 5.2.0.0, build 1 from 2014-09-30_19-48-28 by buildguy) : Unexpected error
2014/11/21 16:02:21 - Count records.0 - ERROR (version 5.2.0.0, build 1 from 2014-09-30_19-48-28 by buildguy) : org.pentaho.di.core.exception.KettleStepException: 
2014/11/21 16:02:21 - Count records.0 - Unable to get queryfields for SQL: 
2014/11/21 16:02:21 - Count records.0 - select
2014/11/21 16:02:21 - Count records.0 - 				  c.customer_id
2014/11/21 16:02:21 - Count records.0 - 				, c.account_number  
2014/11/21 16:02:21 - Count records.0 - 				, c.customer_type
2014/11/21 16:02:21 - Count records.0 - 				, t.name as territory
2014/11/21 16:02:21 - Count records.0 - 				, t.country_region_code
2014/11/21 16:02:21 - Count records.0 - 				, cr.name as country_name
2014/11/21 16:02:21 - Count records.0 - 				, c.modified_date
2014/11/21 16:02:21 - Count records.0 - 				, c.row_number as customer_row_number
2014/11/21 16:02:21 - Count records.0 - 				, c.batch_id as customer_batch_id
2014/11/21 16:02:21 - Count records.0 - 				from 
2014/11/21 16:02:21 - Count records.0 - 				  stage_customer c 
2014/11/21 16:02:21 - Count records.0 - 				, stage_salesterritory t
2014/11/21 16:02:21 - Count records.0 - 				,stage_countryregion cr
2014/11/21 16:02:21 - Count records.0 -   				where 
2014/11/21 16:02:21 - Count records.0 -   				  c.territory_id = t.territory_id 
2014/11/21 16:02:21 - Count records.0 -   				AND cr.country_region_code = t.country_region_code
2014/11/21 16:02:21 - Count records.0 - 				WHERE batch_id > 0
2014/11/21 16:02:21 - Count records.0 - 
2014/11/21 16:02:21 - Count records.0 - Couldn't get field info from [select
2014/11/21 16:02:21 - Count records.0 - 				  c.customer_id
2014/11/21 16:02:21 - Count records.0 - 				, c.account_number  
2014/11/21 16:02:21 - Count records.0 - 				, c.customer_type
2014/11/21 16:02:21 - Count records.0 - 				, t.name as territory
2014/11/21 16:02:21 - Count records.0 - 				, t.country_region_code
2014/11/21 16:02:21 - Count records.0 - 				, cr.name as country_name
2014/11/21 16:02:21 - Count records.0 - 				, c.modified_date
2014/11/21 16:02:21 - Count records.0 - 				, c.row_number as customer_row_number
2014/11/21 16:02:21 - Count records.0 - 				, c.batch_id as customer_batch_id
2014/11/21 16:02:21 - Count records.0 - 				from 
2014/11/21 16:02:21 - Count records.0 - 				  stage_customer c 
2014/11/21 16:02:21 - Count records.0 - 				, stage_salesterritory t
2014/11/21 16:02:21 - Count records.0 - 				,stage_countryregion cr
2014/11/21 16:02:21 - Count records.0 -   				where 
2014/11/21 16:02:21 - Count records.0 -   				  c.territory_id = t.territory_id 
2014/11/21 16:02:21 - Count records.0 -   				AND cr.country_region_code = t.country_region_code
2014/11/21 16:02:21 - Count records.0 - 				WHERE batch_id > 0]
2014/11/21 16:02:21 - Count records.0 - 
2014/11/21 16:02:21 - Count records.0 - You have an error in your SQL syntax; check the manual that corresponds to your MySQL server version for the right syntax to use near 'WHERE batch_id > 0' at line 18
2014/11/21 16:02:21 - Count records.0 - 
2014/11/21 16:02:21 - Count records.0 - 
2014/11/21 16:02:21 - Count records.0 - 	at org.pentaho.di.trans.steps.tableinput.TableInputMeta.getFields(TableInputMeta.java:243)
2014/11/21 16:02:21 - Count records.0 - 	at org.pentaho.di.trans.TransMeta.getThisStepFields(TransMeta.java:1991)
2014/11/21 16:02:21 - Count records.0 - 	at org.pentaho.di.trans.TransMeta.getStepFields(TransMeta.java:1816)
2014/11/21 16:02:21 - Count records.0 - 	at org.pentaho.di.trans.TransMeta.getPrevStepFields(TransMeta.java:1889)
2014/11/21 16:02:21 - Count records.0 - 	at org.pentaho.di.trans.TransMeta.getPrevStepFields(TransMeta.java:1850)
2014/11/21 16:02:21 - Count records.0 - 	at org.pentaho.di.trans.steps.groupby.GroupBy.processRow(GroupBy.java:106)
2014/11/21 16:02:21 - Count records.0 - 	at org.pentaho.di.trans.step.RunThread.run(RunThread.java:62)
2014/11/21 16:02:21 - Count records.0 - 	at java.lang.Thread.run(Thread.java:745)
2014/11/21 16:02:21 - Count records.0 - Caused by: org.pentaho.di.core.exception.KettleDatabaseException: 
2014/11/21 16:02:21 - Count records.0 - Couldn't get field info from [select
2014/11/21 16:02:21 - Count records.0 - 				  c.customer_id
2014/11/21 16:02:21 - Count records.0 - 				, c.account_number  
2014/11/21 16:02:21 - Count records.0 - 				, c.customer_type
2014/11/21 16:02:21 - Count records.0 - 				, t.name as territory
2014/11/21 16:02:21 - Count records.0 - 				, t.country_region_code
2014/11/21 16:02:21 - Count records.0 - 				, cr.name as country_name
2014/11/21 16:02:21 - Count records.0 - 				, c.modified_date
2014/11/21 16:02:21 - Count records.0 - 				, c.row_number as customer_row_number
2014/11/21 16:02:21 - Count records.0 - 				, c.batch_id as customer_batch_id
2014/11/21 16:02:21 - Count records.0 - 				from 
2014/11/21 16:02:21 - Count records.0 - 				  stage_customer c 
2014/11/21 16:02:21 - Count records.0 - 				, stage_salesterritory t
2014/11/21 16:02:21 - Count records.0 - 				,stage_countryregion cr
2014/11/21 16:02:21 - Count records.0 -   				where 
2014/11/21 16:02:21 - Count records.0 -   				  c.territory_id = t.territory_id 
2014/11/21 16:02:21 - Count records.0 -   				AND cr.country_region_code = t.country_region_code
2014/11/21 16:02:21 - Count records.0 - 				WHERE batch_id > 0]
2014/11/21 16:02:21 - Count records.0 - 
2014/11/21 16:02:21 - Count records.0 - You have an error in your SQL syntax; check the manual that corresponds to your MySQL server version for the right syntax to use near 'WHERE batch_id > 0' at line 18
2014/11/21 16:02:21 - Count records.0 - 
2014/11/21 16:02:21 - Count records.0 - 	at org.pentaho.di.core.database.Database.getQueryFieldsFallback(Database.java:2198)
2014/11/21 16:02:21 - Count records.0 - 	at org.pentaho.di.core.database.Database.getQueryFields(Database.java:2135)
2014/11/21 16:02:21 - Count records.0 - 	at org.pentaho.di.trans.steps.tableinput.TableInputMeta.getFields(TableInputMeta.java:232)
2014/11/21 16:02:21 - Count records.0 - 	... 7 more
2014/11/21 16:02:21 - Count records.0 - Caused by: com.mysql.jdbc.exceptions.MySQLSyntaxErrorException: You have an error in your SQL syntax; check the manual that corresponds to your MySQL server version for the right syntax to use near 'WHERE batch_id > 0' at line 18
2014/11/21 16:02:21 - Count records.0 - 	at com.mysql.jdbc.SQLError.createSQLException(SQLError.java:936)
2014/11/21 16:02:21 - Count records.0 - 	at com.mysql.jdbc.MysqlIO.checkErrorPacket(MysqlIO.java:2985)
2014/11/21 16:02:21 - Count records.0 - 	at com.mysql.jdbc.MysqlIO.sendCommand(MysqlIO.java:1631)
2014/11/21 16:02:21 - Count records.0 - 	at com.mysql.jdbc.MysqlIO.sqlQueryDirect(MysqlIO.java:1723)
2014/11/21 16:02:21 - Count records.0 - 	at com.mysql.jdbc.Connection.execSQL(Connection.java:3283)
2014/11/21 16:02:21 - Count records.0 - 	at com.mysql.jdbc.PreparedStatement.executeInternal(PreparedStatement.java:1332)
2014/11/21 16:02:21 - Count records.0 - 	at com.mysql.jdbc.PreparedStatement.executeQuery(PreparedStatement.java:1467)
2014/11/21 16:02:21 - Count records.0 - 	at org.pentaho.di.core.database.Database.getQueryFieldsFallback(Database.java:2192)
2014/11/21 16:02:21 - Count records.0 - 	... 9 more
2014/11/21 16:02:21 - Count records.0 - Finished processing (I=0, O=0, R=0, W=0, U=0, E=1)
2014/11/21 16:02:21 - Serialize EXTRACT file.0 - ERROR (version 5.2.0.0, build 1 from 2014-09-30_19-48-28 by buildguy) : Unexpected error
2014/11/21 16:02:21 - Serialize EXTRACT file.0 - ERROR (version 5.2.0.0, build 1 from 2014-09-30_19-48-28 by buildguy) : org.pentaho.di.core.exception.KettleStepException: 
2014/11/21 16:02:21 - Serialize EXTRACT file.0 - Unable to get queryfields for SQL: 
2014/11/21 16:02:21 - Serialize EXTRACT file.0 - select
2014/11/21 16:02:21 - Serialize EXTRACT file.0 - 				  c.customer_id
2014/11/21 16:02:21 - Serialize EXTRACT file.0 - 				, c.account_number  
2014/11/21 16:02:21 - Serialize EXTRACT file.0 - 				, c.customer_type
2014/11/21 16:02:21 - Serialize EXTRACT file.0 - 				, t.name as territory
2014/11/21 16:02:21 - Serialize EXTRACT file.0 - 				, t.country_region_code
2014/11/21 16:02:21 - Serialize EXTRACT file.0 - 				, cr.name as country_name
2014/11/21 16:02:21 - Serialize EXTRACT file.0 - 				, c.modified_date
2014/11/21 16:02:21 - Serialize EXTRACT file.0 - 				, c.row_number as customer_row_number
2014/11/21 16:02:21 - Serialize EXTRACT file.0 - 				, c.batch_id as customer_batch_id
2014/11/21 16:02:21 - Serialize EXTRACT file.0 - 				from 
2014/11/21 16:02:21 - Serialize EXTRACT file.0 - 				  stage_customer c 
2014/11/21 16:02:21 - Serialize EXTRACT file.0 - 				, stage_salesterritory t
2014/11/21 16:02:21 - Serialize EXTRACT file.0 - 				,stage_countryregion cr
2014/11/21 16:02:21 - Serialize EXTRACT file.0 -   				where 
2014/11/21 16:02:21 - Serialize EXTRACT file.0 -   				  c.territory_id = t.territory_id 
2014/11/21 16:02:21 - Serialize EXTRACT file.0 -   				AND cr.country_region_code = t.country_region_code
2014/11/21 16:02:21 - Serialize EXTRACT file.0 - 				WHERE batch_id > 0
2014/11/21 16:02:21 - Serialize EXTRACT file.0 - 
2014/11/21 16:02:21 - Serialize EXTRACT file.0 - Couldn't get field info from [select
2014/11/21 16:02:21 - Serialize EXTRACT file.0 - 				  c.customer_id
2014/11/21 16:02:21 - Serialize EXTRACT file.0 - 				, c.account_number  
2014/11/21 16:02:21 - Serialize EXTRACT file.0 - 				, c.customer_type
2014/11/21 16:02:21 - Serialize EXTRACT file.0 - 				, t.name as territory
2014/11/21 16:02:21 - Serialize EXTRACT file.0 - 				, t.country_region_code
2014/11/21 16:02:21 - Serialize EXTRACT file.0 - 				, cr.name as country_name
2014/11/21 16:02:21 - Serialize EXTRACT file.0 - 				, c.modified_date
2014/11/21 16:02:21 - Serialize EXTRACT file.0 - 				, c.row_number as customer_row_number
2014/11/21 16:02:21 - Serialize EXTRACT file.0 - 				, c.batch_id as customer_batch_id
2014/11/21 16:02:21 - Serialize EXTRACT file.0 - 				from 
2014/11/21 16:02:21 - Serialize EXTRACT file.0 - 				  stage_customer c 
2014/11/21 16:02:21 - Serialize EXTRACT file.0 - 				, stage_salesterritory t
2014/11/21 16:02:21 - Serialize EXTRACT file.0 - 				,stage_countryregion cr
2014/11/21 16:02:21 - Serialize EXTRACT file.0 -   				where 
2014/11/21 16:02:21 - Serialize EXTRACT file.0 -   				  c.territory_id = t.territory_id 
2014/11/21 16:02:21 - Serialize EXTRACT file.0 -   				AND cr.country_region_code = t.country_region_code
2014/11/21 16:02:21 - Serialize EXTRACT file.0 - 				WHERE batch_id > 0]
2014/11/21 16:02:21 - Serialize EXTRACT file.0 - 
2014/11/21 16:02:21 - Serialize EXTRACT file.0 - You have an error in your SQL syntax; check the manual that corresponds to your MySQL server version for the right syntax to use near 'WHERE batch_id > 0' at line 18
2014/11/21 16:02:21 - Serialize EXTRACT file.0 - 
2014/11/21 16:02:21 - Serialize EXTRACT file.0 - 
2014/11/21 16:02:21 - Serialize EXTRACT file.0 - 	at org.pentaho.di.trans.steps.tableinput.TableInputMeta.getFields(TableInputMeta.java:243)
2014/11/21 16:02:21 - Serialize EXTRACT file.0 - 	at org.pentaho.di.trans.TransMeta.getThisStepFields(TransMeta.java:1991)
2014/11/21 16:02:21 - Serialize EXTRACT file.0 - 	at org.pentaho.di.trans.TransMeta.getStepFields(TransMeta.java:1816)
2014/11/21 16:02:21 - Serialize EXTRACT file.0 - 	at org.pentaho.di.trans.TransMeta.getStepFields(TransMeta.java:1779)
2014/11/21 16:02:21 - Serialize EXTRACT file.0 - 	at org.pentaho.di.trans.TransMeta.getStepFields(TransMeta.java:1779)
2014/11/21 16:02:21 - Serialize EXTRACT file.0 - 	at org.pentaho.di.trans.TransMeta.getPrevStepFields(TransMeta.java:1889)
2014/11/21 16:02:21 - Serialize EXTRACT file.0 - 	at org.pentaho.di.trans.TransMeta.getPrevStepFields(TransMeta.java:1850)
2014/11/21 16:02:21 - Serialize EXTRACT file.0 - 	at org.pentaho.di.trans.steps.cubeoutput.CubeOutput.processRow(CubeOutput.java:76)
2014/11/21 16:02:21 - Serialize EXTRACT file.0 - 	at org.pentaho.di.trans.step.RunThread.run(RunThread.java:62)
2014/11/21 16:02:21 - Serialize EXTRACT file.0 - 	at java.lang.Thread.run(Thread.java:745)
2014/11/21 16:02:21 - Serialize EXTRACT file.0 - Caused by: org.pentaho.di.core.exception.KettleDatabaseException: 
2014/11/21 16:02:21 - Serialize EXTRACT file.0 - Couldn't get field info from [select
2014/11/21 16:02:21 - Serialize EXTRACT file.0 - 				  c.customer_id
2014/11/21 16:02:21 - Serialize EXTRACT file.0 - 				, c.account_number  
2014/11/21 16:02:21 - Serialize EXTRACT file.0 - 				, c.customer_type
2014/11/21 16:02:21 - Serialize EXTRACT file.0 - 				, t.name as territory
2014/11/21 16:02:21 - Serialize EXTRACT file.0 - 				, t.country_region_code
2014/11/21 16:02:21 - Serialize EXTRACT file.0 - 				, cr.name as country_name
2014/11/21 16:02:21 - Serialize EXTRACT file.0 - 				, c.modified_date
2014/11/21 16:02:21 - Serialize EXTRACT file.0 - 				, c.row_number as customer_row_number
2014/11/21 16:02:21 - Serialize EXTRACT file.0 - 				, c.batch_id as customer_batch_id
2014/11/21 16:02:21 - Serialize EXTRACT file.0 - 				from 
2014/11/21 16:02:21 - Serialize EXTRACT file.0 - 				  stage_customer c 
2014/11/21 16:02:21 - Serialize EXTRACT file.0 - 				, stage_salesterritory t
2014/11/21 16:02:21 - Serialize EXTRACT file.0 - 				,stage_countryregion cr
2014/11/21 16:02:21 - Serialize EXTRACT file.0 -   				where 
2014/11/21 16:02:21 - Serialize EXTRACT file.0 -   				  c.territory_id = t.territory_id 
2014/11/21 16:02:21 - Serialize EXTRACT file.0 -   				AND cr.country_region_code = t.country_region_code
2014/11/21 16:02:21 - Serialize EXTRACT file.0 - 				WHERE batch_id > 0]
2014/11/21 16:02:21 - Serialize EXTRACT file.0 - 
2014/11/21 16:02:21 - Serialize EXTRACT file.0 - You have an error in your SQL syntax; check the manual that corresponds to your MySQL server version for the right syntax to use near 'WHERE batch_id > 0' at line 18
2014/11/21 16:02:21 - Serialize EXTRACT file.0 - 
2014/11/21 16:02:21 - Serialize EXTRACT file.0 - 	at org.pentaho.di.core.database.Database.getQueryFieldsFallback(Database.java:2198)
2014/11/21 16:02:21 - Serialize EXTRACT file.0 - 	at org.pentaho.di.core.database.Database.getQueryFields(Database.java:2135)
2014/11/21 16:02:21 - Serialize EXTRACT file.0 - 	at org.pentaho.di.trans.steps.tableinput.TableInputMeta.getFields(TableInputMeta.java:232)
2014/11/21 16:02:21 - Serialize EXTRACT file.0 - 	... 9 more
2014/11/21 16:02:21 - Serialize EXTRACT file.0 - Caused by: com.mysql.jdbc.exceptions.MySQLSyntaxErrorException: You have an error in your SQL syntax; check the manual that corresponds to your MySQL server version for the right syntax to use near 'WHERE batch_id > 0' at line 18
2014/11/21 16:02:21 - Serialize EXTRACT file.0 - 	at com.mysql.jdbc.SQLError.createSQLException(SQLError.java:936)
2014/11/21 16:02:21 - Serialize EXTRACT file.0 - 	at com.mysql.jdbc.MysqlIO.checkErrorPacket(MysqlIO.java:2985)
2014/11/21 16:02:21 - Serialize EXTRACT file.0 - 	at com.mysql.jdbc.MysqlIO.sendCommand(MysqlIO.java:1631)
2014/11/21 16:02:21 - Serialize EXTRACT file.0 - 	at com.mysql.jdbc.MysqlIO.sqlQueryDirect(MysqlIO.java:1723)
2014/11/21 16:02:21 - Serialize EXTRACT file.0 - 	at com.mysql.jdbc.Connection.execSQL(Connection.java:3283)
2014/11/21 16:02:21 - Serialize EXTRACT file.0 - 	at com.mysql.jdbc.PreparedStatement.executeInternal(PreparedStatement.java:1332)
2014/11/21 16:02:21 - Serialize EXTRACT file.0 - 	at com.mysql.jdbc.PreparedStatement.executeQuery(PreparedStatement.java:1467)
2014/11/21 16:02:21 - Serialize EXTRACT file.0 - 	at org.pentaho.di.core.database.Database.getQueryFieldsFallback(Database.java:2192)
2014/11/21 16:02:21 - Serialize EXTRACT file.0 - 	... 11 more
2014/11/21 16:02:21 - Serialize EXTRACT file.0 - Finished processing (I=0, O=0, R=0, W=0, U=0, E=1)
2014/11/21 16:02:21 - read_from_source_DB - Transformation detected one or more steps with errors.
2014/11/21 16:02:21 - read_from_source_DB - Transformation is killing the other steps!
2014/11/21 16:02:21 - read_from_source_DB - Transformation detected one or more steps with errors.
2014/11/21 16:02:21 - read_from_source_DB - Transformation is killing the other steps!
2014/11/21 16:02:21 - read_from_source_DB - ERROR (version 5.2.0.0, build 1 from 2014-09-30_19-48-28 by buildguy) : Errors detected!
2014/11/21 16:02:20 - Update task.0 - Finished processing (I=1, O=0, R=1, W=1, U=1, E=0)
2014/11/21 16:02:20 - _run_single_task - Starting entry [Extract]
2014/11/21 16:02:20 - _task_extract - Starting entry [Is Parameter defined?]
2014/11/21 16:02:20 - _task_extract - Starting entry [Set parameter value]
2014/11/21 16:02:20 - Set parameter value - Loading transformation from XML file [file:///home/cunhal/ubiquis/GEM/kettle/_set_parameter_value.ktr]
2014/11/21 16:02:21 - set_parameter_value - Dispatching started for transformation [set_parameter_value]
2014/11/21 16:02:21 - Read param value.0 - Finished reading query, closing connection.
2014/11/21 16:02:21 - Read param value.0 - Finished processing (I=1, O=0, R=0, W=1, U=0, E=0)
2014/11/21 16:02:21 - Set parameter.0 - Optimization level set to 9.
2014/11/21 16:02:21 - Get defaults.0 - Finished processing (I=0, O=0, R=1, W=1, U=0, E=0)
2014/11/21 16:02:21 - Write to log.0 - 
2014/11/21 16:02:21 - Write to log.0 - ------------> Linenr 1------------------------------
2014/11/21 16:02:21 - Write to log.0 - SET PARAMETER VALUE:
2014/11/21 16:02:21 - Write to log.0 - 
2014/11/21 16:02:21 - Write to log.0 - PARAMETER_NAME = batch_id
2014/11/21 16:02:21 - Write to log.0 - PARAMETER_VALUE = 0
2014/11/21 16:02:21 - Write to log.0 - 
2014/11/21 16:02:21 - Write to log.0 - ====================
2014/11/21 16:02:21 - Set parameter.0 - Finished processing (I=0, O=0, R=1, W=1, U=0, E=0)
2014/11/21 16:02:21 - Write to log.0 - Finished processing (I=0, O=0, R=1, W=1, U=0, E=0)
2014/11/21 16:02:21 - _task_extract - Starting entry [Read from source]
2014/11/21 16:02:21 - Read from source - Loading transformation from XML file [file:///home/cunhal/ubiquis/GEM/kettle/_read_from_source_DB.ktr]
2014/11/21 16:02:21 - read_from_source_DB - Dispatching started for transformation [read_from_source_DB]
2014/11/21 16:02:21 - Table input.0 - ERROR (version 5.2.0.0, build 1 from 2014-09-30_19-48-28 by buildguy) : Unexpected error
2014/11/21 16:02:21 - Table input.0 - ERROR (version 5.2.0.0, build 1 from 2014-09-30_19-48-28 by buildguy) : org.pentaho.di.core.exception.KettleDatabaseException: 
2014/11/21 16:02:21 - Table input.0 - An error occurred executing SQL: 
2014/11/21 16:02:21 - Table input.0 - select
2014/11/21 16:02:21 - Table input.0 - 				  c.customer_id
2014/11/21 16:02:21 - Table input.0 - 				, c.account_number  
2014/11/21 16:02:21 - Table input.0 - 				, c.customer_type
2014/11/21 16:02:21 - Table input.0 - 				, t.name as territory
2014/11/21 16:02:21 - Table input.0 - 				, t.country_region_code
2014/11/21 16:02:21 - Table input.0 - 				, cr.name as country_name
2014/11/21 16:02:21 - Table input.0 - 				, c.modified_date
2014/11/21 16:02:21 - Table input.0 - 				, c.row_number as customer_row_number
2014/11/21 16:02:21 - Table input.0 - 				, c.batch_id as customer_batch_id
2014/11/21 16:02:21 - Table input.0 - 				from 
2014/11/21 16:02:21 - Table input.0 - 				  stage_customer c 
2014/11/21 16:02:21 - Table input.0 - 				, stage_salesterritory t
2014/11/21 16:02:21 - Table input.0 - 				,stage_countryregion cr
2014/11/21 16:02:21 - Table input.0 -   				where 
2014/11/21 16:02:21 - Table input.0 -   				  c.territory_id = t.territory_id 
2014/11/21 16:02:21 - Table input.0 -   				AND cr.country_region_code = t.country_region_code
2014/11/21 16:02:21 - Table input.0 - 				WHERE batch_id > 0
2014/11/21 16:02:21 - Table input.0 - You have an error in your SQL syntax; check the manual that corresponds to your MySQL server version for the right syntax to use near 'WHERE batch_id > 0' at line 18
2014/11/21 16:02:21 - Table input.0 - 
2014/11/21 16:02:21 - Table input.0 - 	at org.pentaho.di.core.database.Database.openQuery(Database.java:1729)
2014/11/21 16:02:21 - Table input.0 - 	at org.pentaho.di.trans.steps.tableinput.TableInput.doQuery(TableInput.java:224)
2014/11/21 16:02:21 - Table input.0 - 	at org.pentaho.di.trans.steps.tableinput.TableInput.processRow(TableInput.java:138)
2014/11/21 16:02:21 - Table input.0 - 	at org.pentaho.di.trans.step.RunThread.run(RunThread.java:62)
2014/11/21 16:02:21 - Table input.0 - 	at java.lang.Thread.run(Thread.java:745)
2014/11/21 16:02:21 - Table input.0 - Caused by: com.mysql.jdbc.exceptions.MySQLSyntaxErrorException: You have an error in your SQL syntax; check the manual that corresponds to your MySQL server version for the right syntax to use near 'WHERE batch_id > 0' at line 18
2014/11/21 16:02:21 - Table input.0 - 	at com.mysql.jdbc.SQLError.createSQLException(SQLError.java:936)
2014/11/21 16:02:21 - Table input.0 - 	at com.mysql.jdbc.MysqlIO.checkErrorPacket(MysqlIO.java:2985)
2014/11/21 16:02:21 - Table input.0 - 	at com.mysql.jdbc.MysqlIO.sendCommand(MysqlIO.java:1631)
2014/11/21 16:02:21 - Table input.0 - 	at com.mysql.jdbc.MysqlIO.sqlQueryDirect(MysqlIO.java:1723)
2014/11/21 16:02:21 - Table input.0 - 	at com.mysql.jdbc.Connection.execSQL(Connection.java:3283)
2014/11/21 16:02:21 - Table input.0 - 	at com.mysql.jdbc.PreparedStatement.executeInternal(PreparedStatement.java:1332)
2014/11/21 16:02:21 - Table input.0 - 	at com.mysql.jdbc.PreparedStatement.execute(PreparedStatement.java:882)
2014/11/21 16:02:21 - Table input.0 - 	at com.mysql.jdbc.Statement.createResultSetUsingServerFetch(Statement.java:525)
2014/11/21 16:02:21 - Table input.0 - 	at com.mysql.jdbc.Statement.executeQuery(Statement.java:1158)
2014/11/21 16:02:21 - Table input.0 - 	at org.pentaho.di.core.database.Database.openQuery(Database.java:1718)
2014/11/21 16:02:21 - Table input.0 - 	... 4 more
2014/11/21 16:02:21 - read_from_source_DB - ERROR (version 5.2.0.0, build 1 from 2014-09-30_19-48-28 by buildguy) : Errors detected!
2014/11/21 16:02:21 - Table input.0 - Finished reading query, closing connection.
2014/11/21 16:02:21 - Table input.0 - Finished processing (I=0, O=0, R=0, W=0, U=0, E=1)
2014/11/21 16:02:21 - read_from_source_DB - Transformation detected one or more steps with errors.
2014/11/21 16:02:21 - read_from_source_DB - Transformation is killing the other steps!
2014/11/21 16:02:21 - Set RECORDS_READ.0 - We didn't receive a row while setting the default values.
2014/11/21 16:02:21 - Set RECORDS_READ.0 - Set variable RECORDS_READ to value [0]
2014/11/21 16:02:21 - Set RECORDS_READ.0 - Finished after 0 rows.
2014/11/21 16:02:21 - Count records.0 - ERROR (version 5.2.0.0, build 1 from 2014-09-30_19-48-28 by buildguy) : Unexpected error
2014/11/21 16:02:21 - Count records.0 - ERROR (version 5.2.0.0, build 1 from 2014-09-30_19-48-28 by buildguy) : org.pentaho.di.core.exception.KettleStepException: 
2014/11/21 16:02:21 - Count records.0 - Unable to get queryfields for SQL: 
2014/11/21 16:02:21 - Count records.0 - select
2014/11/21 16:02:21 - Count records.0 - 				  c.customer_id
2014/11/21 16:02:21 - Count records.0 - 				, c.account_number  
2014/11/21 16:02:21 - Count records.0 - 				, c.customer_type
2014/11/21 16:02:21 - Count records.0 - 				, t.name as territory
2014/11/21 16:02:21 - Count records.0 - 				, t.country_region_code
2014/11/21 16:02:21 - Count records.0 - 				, cr.name as country_name
2014/11/21 16:02:21 - Count records.0 - 				, c.modified_date
2014/11/21 16:02:21 - Count records.0 - 				, c.row_number as customer_row_number
2014/11/21 16:02:21 - Count records.0 - 				, c.batch_id as customer_batch_id
2014/11/21 16:02:21 - Count records.0 - 				from 
2014/11/21 16:02:21 - Count records.0 - 				  stage_customer c 
2014/11/21 16:02:21 - Count records.0 - 				, stage_salesterritory t
2014/11/21 16:02:21 - Count records.0 - 				,stage_countryregion cr
2014/11/21 16:02:21 - Count records.0 -   				where 
2014/11/21 16:02:21 - Count records.0 -   				  c.territory_id = t.territory_id 
2014/11/21 16:02:21 - Count records.0 -   				AND cr.country_region_code = t.country_region_code
2014/11/21 16:02:21 - Count records.0 - 				WHERE batch_id > 0
2014/11/21 16:02:21 - Count records.0 - 
2014/11/21 16:02:21 - Count records.0 - Couldn't get field info from [select
2014/11/21 16:02:21 - Count records.0 - 				  c.customer_id
2014/11/21 16:02:21 - Count records.0 - 				, c.account_number  
2014/11/21 16:02:21 - Count records.0 - 				, c.customer_type
2014/11/21 16:02:21 - Count records.0 - 				, t.name as territory
2014/11/21 16:02:21 - Count records.0 - 				, t.country_region_code
2014/11/21 16:02:21 - Count records.0 - 				, cr.name as country_name
2014/11/21 16:02:21 - Count records.0 - 				, c.modified_date
2014/11/21 16:02:21 - Count records.0 - 				, c.row_number as customer_row_number
2014/11/21 16:02:21 - Count records.0 - 				, c.batch_id as customer_batch_id
2014/11/21 16:02:21 - Count records.0 - 				from 
2014/11/21 16:02:21 - Count records.0 - 				  stage_customer c 
2014/11/21 16:02:21 - Count records.0 - 				, stage_salesterritory t
2014/11/21 16:02:21 - Count records.0 - 				,stage_countryregion cr
2014/11/21 16:02:21 - Count records.0 -   				where 
2014/11/21 16:02:21 - Count records.0 -   				  c.territory_id = t.territory_id 
2014/11/21 16:02:21 - Count records.0 -   				AND cr.country_region_code = t.country_region_code
2014/11/21 16:02:21 - Count records.0 - 				WHERE batch_id > 0]
2014/11/21 16:02:21 - Count records.0 - 
2014/11/21 16:02:21 - Count records.0 - You have an error in your SQL syntax; check the manual that corresponds to your MySQL server version for the right syntax to use near 'WHERE batch_id > 0' at line 18
2014/11/21 16:02:21 - Count records.0 - 
2014/11/21 16:02:21 - Count records.0 - 
2014/11/21 16:02:21 - Count records.0 - 	at org.pentaho.di.trans.steps.tableinput.TableInputMeta.getFields(TableInputMeta.java:243)
2014/11/21 16:02:21 - Count records.0 - 	at org.pentaho.di.trans.TransMeta.getThisStepFields(TransMeta.java:1991)
2014/11/21 16:02:21 - Count records.0 - 	at org.pentaho.di.trans.TransMeta.getStepFields(TransMeta.java:1816)
2014/11/21 16:02:21 - Count records.0 - 	at org.pentaho.di.trans.TransMeta.getPrevStepFields(TransMeta.java:1889)
2014/11/21 16:02:21 - Count records.0 - 	at org.pentaho.di.trans.TransMeta.getPrevStepFields(TransMeta.java:1850)
2014/11/21 16:02:21 - Count records.0 - 	at org.pentaho.di.trans.steps.groupby.GroupBy.processRow(GroupBy.java:106)
2014/11/21 16:02:21 - Count records.0 - 	at org.pentaho.di.trans.step.RunThread.run(RunThread.java:62)
2014/11/21 16:02:21 - Count records.0 - 	at java.lang.Thread.run(Thread.java:745)
2014/11/21 16:02:21 - Count records.0 - Caused by: org.pentaho.di.core.exception.KettleDatabaseException: 
2014/11/21 16:02:21 - Count records.0 - Couldn't get field info from [select
2014/11/21 16:02:21 - Count records.0 - 				  c.customer_id
2014/11/21 16:02:21 - Count records.0 - 				, c.account_number  
2014/11/21 16:02:21 - Count records.0 - 				, c.customer_type
2014/11/21 16:02:21 - Count records.0 - 				, t.name as territory
2014/11/21 16:02:21 - Count records.0 - 				, t.country_region_code
2014/11/21 16:02:21 - Count records.0 - 				, cr.name as country_name
2014/11/21 16:02:21 - Count records.0 - 				, c.modified_date
2014/11/21 16:02:21 - Count records.0 - 				, c.row_number as customer_row_number
2014/11/21 16:02:21 - Count records.0 - 				, c.batch_id as customer_batch_id
2014/11/21 16:02:21 - Count records.0 - 				from 
2014/11/21 16:02:21 - Count records.0 - 				  stage_customer c 
2014/11/21 16:02:21 - Count records.0 - 				, stage_salesterritory t
2014/11/21 16:02:21 - Count records.0 - 				,stage_countryregion cr
2014/11/21 16:02:21 - Count records.0 -   				where 
2014/11/21 16:02:21 - Count records.0 -   				  c.territory_id = t.territory_id 
2014/11/21 16:02:21 - Count records.0 -   				AND cr.country_region_code = t.country_region_code
2014/11/21 16:02:21 - Count records.0 - 				WHERE batch_id > 0]
2014/11/21 16:02:21 - Count records.0 - 
2014/11/21 16:02:21 - Count records.0 - You have an error in your SQL syntax; check the manual that corresponds to your MySQL server version for the right syntax to use near 'WHERE batch_id > 0' at line 18
2014/11/21 16:02:21 - Count records.0 - 
2014/11/21 16:02:21 - Count records.0 - 	at org.pentaho.di.core.database.Database.getQueryFieldsFallback(Database.java:2198)
2014/11/21 16:02:21 - Count records.0 - 	at org.pentaho.di.core.database.Database.getQueryFields(Database.java:2135)
2014/11/21 16:02:21 - Count records.0 - 	at org.pentaho.di.trans.steps.tableinput.TableInputMeta.getFields(TableInputMeta.java:232)
2014/11/21 16:02:21 - Count records.0 - 	... 7 more
2014/11/21 16:02:21 - Count records.0 - Caused by: com.mysql.jdbc.exceptions.MySQLSyntaxErrorException: You have an error in your SQL syntax; check the manual that corresponds to your MySQL server version for the right syntax to use near 'WHERE batch_id > 0' at line 18
2014/11/21 16:02:21 - Count records.0 - 	at com.mysql.jdbc.SQLError.createSQLException(SQLError.java:936)
2014/11/21 16:02:21 - Count records.0 - 	at com.mysql.jdbc.MysqlIO.checkErrorPacket(MysqlIO.java:2985)
2014/11/21 16:02:21 - Count records.0 - 	at com.mysql.jdbc.MysqlIO.sendCommand(MysqlIO.java:1631)
2014/11/21 16:02:21 - Count records.0 - 	at com.mysql.jdbc.MysqlIO.sqlQueryDirect(MysqlIO.java:1723)
2014/11/21 16:02:21 - Count records.0 - 	at com.mysql.jdbc.Connection.execSQL(Connection.java:3283)
2014/11/21 16:02:21 - Count records.0 - 	at com.mysql.jdbc.PreparedStatement.executeInternal(PreparedStatement.java:1332)
2014/11/21 16:02:21 - Count records.0 - 	at com.mysql.jdbc.PreparedStatement.executeQuery(PreparedStatement.java:1467)
2014/11/21 16:02:21 - Count records.0 - 	at org.pentaho.di.core.database.Database.getQueryFieldsFallback(Database.java:2192)
2014/11/21 16:02:21 - Count records.0 - 	... 9 more
2014/11/21 16:02:21 - Count records.0 - Finished processing (I=0, O=0, R=0, W=0, U=0, E=1)
2014/11/21 16:02:21 - Serialize EXTRACT file.0 - ERROR (version 5.2.0.0, build 1 from 2014-09-30_19-48-28 by buildguy) : Unexpected error
2014/11/21 16:02:21 - Serialize EXTRACT file.0 - ERROR (version 5.2.0.0, build 1 from 2014-09-30_19-48-28 by buildguy) : org.pentaho.di.core.exception.KettleStepException: 
2014/11/21 16:02:21 - Serialize EXTRACT file.0 - Unable to get queryfields for SQL: 
2014/11/21 16:02:21 - Serialize EXTRACT file.0 - select
2014/11/21 16:02:21 - Serialize EXTRACT file.0 - 				  c.customer_id
2014/11/21 16:02:21 - Serialize EXTRACT file.0 - 				, c.account_number  
2014/11/21 16:02:21 - Serialize EXTRACT file.0 - 				, c.customer_type
2014/11/21 16:02:21 - Serialize EXTRACT file.0 - 				, t.name as territory
2014/11/21 16:02:21 - Serialize EXTRACT file.0 - 				, t.country_region_code
2014/11/21 16:02:21 - Serialize EXTRACT file.0 - 				, cr.name as country_name
2014/11/21 16:02:21 - Serialize EXTRACT file.0 - 				, c.modified_date
2014/11/21 16:02:21 - Serialize EXTRACT file.0 - 				, c.row_number as customer_row_number
2014/11/21 16:02:21 - Serialize EXTRACT file.0 - 				, c.batch_id as customer_batch_id
2014/11/21 16:02:21 - Serialize EXTRACT file.0 - 				from 
2014/11/21 16:02:21 - Serialize EXTRACT file.0 - 				  stage_customer c 
2014/11/21 16:02:21 - Serialize EXTRACT file.0 - 				, stage_salesterritory t
2014/11/21 16:02:21 - Serialize EXTRACT file.0 - 				,stage_countryregion cr
2014/11/21 16:02:21 - Serialize EXTRACT file.0 -   				where 
2014/11/21 16:02:21 - Serialize EXTRACT file.0 -   				  c.territory_id = t.territory_id 
2014/11/21 16:02:21 - Serialize EXTRACT file.0 -   				AND cr.country_region_code = t.country_region_code
2014/11/21 16:02:21 - Serialize EXTRACT file.0 - 				WHERE batch_id > 0
2014/11/21 16:02:21 - Serialize EXTRACT file.0 - 
2014/11/21 16:02:21 - Serialize EXTRACT file.0 - Couldn't get field info from [select
2014/11/21 16:02:21 - Serialize EXTRACT file.0 - 				  c.customer_id
2014/11/21 16:02:21 - Serialize EXTRACT file.0 - 				, c.account_number  
2014/11/21 16:02:21 - Serialize EXTRACT file.0 - 				, c.customer_type
2014/11/21 16:02:21 - Serialize EXTRACT file.0 - 				, t.name as territory
2014/11/21 16:02:21 - Serialize EXTRACT file.0 - 				, t.country_region_code
2014/11/21 16:02:21 - Serialize EXTRACT file.0 - 				, cr.name as country_name
2014/11/21 16:02:21 - Serialize EXTRACT file.0 - 				, c.modified_date
2014/11/21 16:02:21 - Serialize EXTRACT file.0 - 				, c.row_number as customer_row_number
2014/11/21 16:02:21 - Serialize EXTRACT file.0 - 				, c.batch_id as customer_batch_id
2014/11/21 16:02:21 - Serialize EXTRACT file.0 - 				from 
2014/11/21 16:02:21 - Serialize EXTRACT file.0 - 				  stage_customer c 
2014/11/21 16:02:21 - Serialize EXTRACT file.0 - 				, stage_salesterritory t
2014/11/21 16:02:21 - Serialize EXTRACT file.0 - 				,stage_countryregion cr
2014/11/21 16:02:21 - Serialize EXTRACT file.0 -   				where 
2014/11/21 16:02:21 - Serialize EXTRACT file.0 -   				  c.territory_id = t.territory_id 
2014/11/21 16:02:21 - Serialize EXTRACT file.0 -   				AND cr.country_region_code = t.country_region_code
2014/11/21 16:02:21 - Serialize EXTRACT file.0 - 				WHERE batch_id > 0]
2014/11/21 16:02:21 - Serialize EXTRACT file.0 - 
2014/11/21 16:02:21 - Serialize EXTRACT file.0 - You have an error in your SQL syntax; check the manual that corresponds to your MySQL server version for the right syntax to use near 'WHERE batch_id > 0' at line 18
2014/11/21 16:02:21 - Serialize EXTRACT file.0 - 
2014/11/21 16:02:21 - Serialize EXTRACT file.0 - 
2014/11/21 16:02:21 - Serialize EXTRACT file.0 - 	at org.pentaho.di.trans.steps.tableinput.TableInputMeta.getFields(TableInputMeta.java:243)
2014/11/21 16:02:21 - Serialize EXTRACT file.0 - 	at org.pentaho.di.trans.TransMeta.getThisStepFields(TransMeta.java:1991)
2014/11/21 16:02:21 - Serialize EXTRACT file.0 - 	at org.pentaho.di.trans.TransMeta.getStepFields(TransMeta.java:1816)
2014/11/21 16:02:21 - Serialize EXTRACT file.0 - 	at org.pentaho.di.trans.TransMeta.getStepFields(TransMeta.java:1779)
2014/11/21 16:02:21 - Serialize EXTRACT file.0 - 	at org.pentaho.di.trans.TransMeta.getStepFields(TransMeta.java:1779)
2014/11/21 16:02:21 - Serialize EXTRACT file.0 - 	at org.pentaho.di.trans.TransMeta.getPrevStepFields(TransMeta.java:1889)
2014/11/21 16:02:21 - Serialize EXTRACT file.0 - 	at org.pentaho.di.trans.TransMeta.getPrevStepFields(TransMeta.java:1850)
2014/11/21 16:02:21 - Serialize EXTRACT file.0 - 	at org.pentaho.di.trans.steps.cubeoutput.CubeOutput.processRow(CubeOutput.java:76)
2014/11/21 16:02:21 - Serialize EXTRACT file.0 - 	at org.pentaho.di.trans.step.RunThread.run(RunThread.java:62)
2014/11/21 16:02:21 - Serialize EXTRACT file.0 - 	at java.lang.Thread.run(Thread.java:745)
2014/11/21 16:02:21 - Serialize EXTRACT file.0 - Caused by: org.pentaho.di.core.exception.KettleDatabaseException: 
2014/11/21 16:02:21 - Serialize EXTRACT file.0 - Couldn't get field info from [select
2014/11/21 16:02:21 - Serialize EXTRACT file.0 - 				  c.customer_id
2014/11/21 16:02:21 - Serialize EXTRACT file.0 - 				, c.account_number  
2014/11/21 16:02:21 - Serialize EXTRACT file.0 - 				, c.customer_type
2014/11/21 16:02:21 - Serialize EXTRACT file.0 - 				, t.name as territory
2014/11/21 16:02:21 - Serialize EXTRACT file.0 - 				, t.country_region_code
2014/11/21 16:02:21 - Serialize EXTRACT file.0 - 				, cr.name as country_name
2014/11/21 16:02:21 - Serialize EXTRACT file.0 - 				, c.modified_date
2014/11/21 16:02:21 - Serialize EXTRACT file.0 - 				, c.row_number as customer_row_number
2014/11/21 16:02:21 - Serialize EXTRACT file.0 - 				, c.batch_id as customer_batch_id
2014/11/21 16:02:21 - Serialize EXTRACT file.0 - 				from 
2014/11/21 16:02:21 - Serialize EXTRACT file.0 - 				  stage_customer c 
2014/11/21 16:02:21 - Serialize EXTRACT file.0 - 				, stage_salesterritory t
2014/11/21 16:02:21 - Serialize EXTRACT file.0 - 				,stage_countryregion cr
2014/11/21 16:02:21 - Serialize EXTRACT file.0 -   				where 
2014/11/21 16:02:21 - Serialize EXTRACT file.0 -   				  c.territory_id = t.territory_id 
2014/11/21 16:02:21 - Serialize EXTRACT file.0 -   				AND cr.country_region_code = t.country_region_code
2014/11/21 16:02:21 - Serialize EXTRACT file.0 - 				WHERE batch_id > 0]
2014/11/21 16:02:21 - Serialize EXTRACT file.0 - 
2014/11/21 16:02:21 - Serialize EXTRACT file.0 - You have an error in your SQL syntax; check the manual that corresponds to your MySQL server version for the right syntax to use near 'WHERE batch_id > 0' at line 18
2014/11/21 16:02:21 - Serialize EXTRACT file.0 - 
2014/11/21 16:02:21 - Serialize EXTRACT file.0 - 	at org.pentaho.di.core.database.Database.getQueryFieldsFallback(Database.java:2198)
2014/11/21 16:02:21 - Serialize EXTRACT file.0 - 	at org.pentaho.di.core.database.Database.getQueryFields(Database.java:2135)
2014/11/21 16:02:21 - Serialize EXTRACT file.0 - 	at org.pentaho.di.trans.steps.tableinput.TableInputMeta.getFields(TableInputMeta.java:232)
2014/11/21 16:02:21 - Serialize EXTRACT file.0 - 	... 9 more
2014/11/21 16:02:21 - Serialize EXTRACT file.0 - Caused by: com.mysql.jdbc.exceptions.MySQLSyntaxErrorException: You have an error in your SQL syntax; check the manual that corresponds to your MySQL server version for the right syntax to use near 'WHERE batch_id > 0' at line 18
2014/11/21 16:02:21 - Serialize EXTRACT file.0 - 	at com.mysql.jdbc.SQLError.createSQLException(SQLError.java:936)
2014/11/21 16:02:21 - Serialize EXTRACT file.0 - 	at com.mysql.jdbc.MysqlIO.checkErrorPacket(MysqlIO.java:2985)
2014/11/21 16:02:21 - Serialize EXTRACT file.0 - 	at com.mysql.jdbc.MysqlIO.sendCommand(MysqlIO.java:1631)
2014/11/21 16:02:21 - Serialize EXTRACT file.0 - 	at com.mysql.jdbc.MysqlIO.sqlQueryDirect(MysqlIO.java:1723)
2014/11/21 16:02:21 - Serialize EXTRACT file.0 - 	at com.mysql.jdbc.Connection.execSQL(Connection.java:3283)
2014/11/21 16:02:21 - Serialize EXTRACT file.0 - 	at com.mysql.jdbc.PreparedStatement.executeInternal(PreparedStatement.java:1332)
2014/11/21 16:02:21 - Serialize EXTRACT file.0 - 	at com.mysql.jdbc.PreparedStatement.executeQuery(PreparedStatement.java:1467)
2014/11/21 16:02:21 - Serialize EXTRACT file.0 - 	at org.pentaho.di.core.database.Database.getQueryFieldsFallback(Database.java:2192)
2014/11/21 16:02:21 - Serialize EXTRACT file.0 - 	... 11 more
2014/11/21 16:02:21 - Serialize EXTRACT file.0 - Finished processing (I=0, O=0, R=0, W=0, U=0, E=1)
2014/11/21 16:02:21 - read_from_source_DB - Transformation detected one or more steps with errors.
2014/11/21 16:02:21 - read_from_source_DB - Transformation is killing the other steps!
2014/11/21 16:02:21 - read_from_source_DB - Transformation detected one or more steps with errors.
2014/11/21 16:02:21 - read_from_source_DB - Transformation is killing the other steps!
2014/11/21 16:02:21 - read_from_source_DB - ERROR (version 5.2.0.0, build 1 from 2014-09-30_19-48-28 by buildguy) : Errors detected!
2014/11/21 16:02:21 - _task_extract - Starting entry [Success]
2014/11/21 16:02:21 - _task_extract - Finished job entry [Success] (result=[true])
2014/11/21 16:02:21 - _task_extract - Starting entry [Abort job]
2014/11/21 16:02:21 - Abort job - ERROR (version 5.2.0.0, build 1 from 2014-09-30_19-48-28 by buildguy) : ERROR: Task EXTRACT failed
2014/11/21 16:02:21 - _task_extract - Finished job entry [Abort job] (result=[false])
2014/11/21 16:02:21 - _task_extract - Finished job entry [Read from source] (result=[false])
2014/11/21 16:02:21 - _task_extract - Finished job entry [Set parameter value] (result=[false])
2014/11/21 16:02:21 - _task_extract - Finished job entry [Is Parameter defined?] (result=[false])
2014/11/21 16:02:21 - _run_single_task - Starting entry [Failed on Extract]
2014/11/21 16:02:21 - Set status='running' - Loading transformation from XML file [file:///home/cunhal/ubiquis/GEM/kettle/_update_task.ktr]
2014/11/21 16:02:21 - _update_task - Dispatching started for transformation [_update_task]
2014/11/21 16:02:21 - Insert new task.0 - Connected to database [etl] (commit=1)
2014/11/21 16:02:21 - Get Variables.0 - Finished processing (I=0, O=0, R=1, W=1, U=0, E=0)
2014/11/21 16:02:21 - Get current timestamp.0 - Finished processing (I=0, O=0, R=1, W=1, U=0, E=0)
2014/11/21 16:02:21 - Is new task?.0 - Finished processing (I=0, O=0, R=1, W=1, U=0, E=0)
2014/11/21 16:02:21 - Get BATCH_ID.0 - Finished processing (I=0, O=0, R=1, W=1, U=0, E=0)
2014/11/21 16:02:21 - Set BATCH_ID.0 - We didn't receive a row while setting the default values.
2014/11/21 16:02:21 - Set BATCH_ID.0 - Finished after 0 rows.
2014/11/21 16:02:21 - Update task.0 - Finished processing (I=1, O=0, R=1, W=1, U=1, E=0)
2014/11/21 16:02:21 - _run_single_task - Starting entry [Abort job]
2014/11/21 16:02:21 - Abort job - ERROR (version 5.2.0.0, build 1 from 2014-09-30_19-48-28 by buildguy) : ERROR running ETL task
2014/11/21 16:02:21 - _run_single_task - Finished job entry [Abort job] (result=[false])
2014/11/21 16:02:21 - _run_single_task - Finished job entry [Failed on Extract] (result=[false])
2014/11/21 16:02:21 - _run_single_task - Finished job entry [Extract] (result=[false])
2014/11/21 16:02:21 - _run_single_task - Finished job entry [Set stage='extract'] (result=[false])
2014/11/21 16:02:21 - _run_single_task - Finished job entry [Pre-processing] (result=[false])
2014/11/21 16:02:21 - _run_single_task - Finished job entry [Set stage='pre-processing'] (result=[false])
2014/11/21 16:02:21 - _run_single_task - Finished job entry [Set status='running'] (result=[false])
2014/11/21 16:02:21 - _run_single_task - Finished job entry [Read config file] (result=[false])
2014/11/21 16:02:21 - _run_single_task - Finished job entry [Set CONFIG_FILE] (result=[false])
2014/11/21 16:02:21 - _run_single_process - Starting entry [Non blocking task?]
2014/11/21 16:02:21 - _run_single_process - Starting entry [Abort job]
2014/11/21 16:02:21 - Abort job - ERROR (version 5.2.0.0, build 1 from 2014-09-30_19-48-28 by buildguy) : ERROR in process 202_load_dwh_mysql
2014/11/21 16:02:21 - _run_single_process - Finished job entry [Abort job] (result=[false])
2014/11/21 16:02:21 - _run_single_process - Finished job entry [Non blocking task?] (result=[false])
2014/11/21 16:02:21 - _run_single_process - Finished job entry [Run single task] (result=[false])
2014/11/21 16:02:21 - _run_single_process - Finished job entry [List tasks] (result=[false])
2014/11/21 16:02:21 - _run_single_process - Finished job entry [Set connection variables] (result=[false])
2014/11/21 16:02:21 - _run_tasks - Starting entry [Abort job 2]
2014/11/21 16:02:21 - Abort job 2 - ERROR (version 5.2.0.0, build 1 from 2014-09-30_19-48-28 by buildguy) : ERROR: Error running process
2014/11/21 16:02:21 - _run_tasks - Finished job entry [Abort job 2] (result=[false])
2014/11/21 16:02:21 - _run_tasks - Finished job entry [Run single process] (result=[false])
2014/11/21 16:02:21 - _run_tasks - Finished job entry [List processes] (result=[false])
